
Collecting tasks from: tasks.py
================= Running: [96mrpa_order_robots_from_robotsparebin[0m =================
Alert found: Unexpected Server Error
Attempt: 1 failed with error!
[<selenium.webdriver.remote.webelement.WebElement (session="dd2a5975eab38e9898c0feca919b89ea", element="F1EAA6A60024E07641AC55E156EF7494_element_39")>, <selenium.webdriver.remote.webelement.WebElement (session="dd2a5975eab38e9898c0feca919b89ea", element="F1EAA6A60024E07641AC55E156EF7494_element_40")>, <selenium.webdriver.remote.webelement.WebElement (session="dd2a5975eab38e9898c0feca919b89ea", element="F1EAA6A60024E07641AC55E156EF7494_element_36")>] 3
[<selenium.webdriver.remote.webelement.WebElement (session="dd2a5975eab38e9898c0feca919b89ea", element="B5684E593D09290E0F620B146C0758CA_element_79")>, <selenium.webdriver.remote.webelement.WebElement (session="dd2a5975eab38e9898c0feca919b89ea", element="B5684E593D09290E0F620B146C0758CA_element_80")>, <selenium.webdriver.remote.webelement.WebElement (session="dd2a5975eab38e9898c0feca919b89ea", element="B5684E593D09290E0F620B146C0758CA_element_81")>] 3
[<selenium.webdriver.remote.webelement.WebElement (session="dd2a5975eab38e9898c0feca919b89ea", element="FA7C42F4182094537B3880636EDF264D_element_123")>, <selenium.webdriver.remote.webelement.WebElement (session="dd2a5975eab38e9898c0feca919b89ea", element="FA7C42F4182094537B3880636EDF264D_element_124")>, <selenium.webdriver.remote.webelement.WebElement (session="dd2a5975eab38e9898c0feca919b89ea", element="FA7C42F4182094537B3880636EDF264D_element_125")>] 3
Alert found: Have You Tried Turning It On And Off Again?
Attempt: 1 failed with error!
Alert found: Expected Server Error
Attempt: 2 failed with error!
Alert found: Internal Server Error
Attempt: 3 failed with error!
[<selenium.webdriver.remote.webelement.WebElement (session="dd2a5975eab38e9898c0feca919b89ea", element="B0528D63ED2524446103BDE507816F60_element_168")>, <selenium.webdriver.remote.webelement.WebElement (session="dd2a5975eab38e9898c0feca919b89ea", element="B0528D63ED2524446103BDE507816F60_element_169")>, <selenium.webdriver.remote.webelement.WebElement (session="dd2a5975eab38e9898c0feca919b89ea", element="B0528D63ED2524446103BDE507816F60_element_165")>] 3
[<selenium.webdriver.remote.webelement.WebElement (session="dd2a5975eab38e9898c0feca919b89ea", element="1B972B9F63DCD88E9941A9C29D6F5F7A_element_209")>, <selenium.webdriver.remote.webelement.WebElement (session="dd2a5975eab38e9898c0feca919b89ea", element="1B972B9F63DCD88E9941A9C29D6F5F7A_element_210")>, <selenium.webdriver.remote.webelement.WebElement (session="dd2a5975eab38e9898c0feca919b89ea", element="1B972B9F63DCD88E9941A9C29D6F5F7A_element_211")>] 3
[<selenium.webdriver.remote.webelement.WebElement (session="dd2a5975eab38e9898c0feca919b89ea", element="ABAFB636C4B150BCBF74737F7BE8B1B1_element_252")>, <selenium.webdriver.remote.webelement.WebElement (session="dd2a5975eab38e9898c0feca919b89ea", element="ABAFB636C4B150BCBF74737F7BE8B1B1_element_253")>, <selenium.webdriver.remote.webelement.WebElement (session="dd2a5975eab38e9898c0feca919b89ea", element="ABAFB636C4B150BCBF74737F7BE8B1B1_element_254")>] 3
[<selenium.webdriver.remote.webelement.WebElement (session="dd2a5975eab38e9898c0feca919b89ea", element="FA5871CBF593D3E5110568AD1A3B7444_element_293")>, <selenium.webdriver.remote.webelement.WebElement (session="dd2a5975eab38e9898c0feca919b89ea", element="FA5871CBF593D3E5110568AD1A3B7444_element_294")>, <selenium.webdriver.remote.webelement.WebElement (session="dd2a5975eab38e9898c0feca919b89ea", element="FA5871CBF593D3E5110568AD1A3B7444_element_295")>] 3
[<selenium.webdriver.remote.webelement.WebElement (session="dd2a5975eab38e9898c0feca919b89ea", element="F7A8D4398AE19FBA9C9A5381EA11F3DD_element_332")>, <selenium.webdriver.remote.webelement.WebElement (session="dd2a5975eab38e9898c0feca919b89ea", element="F7A8D4398AE19FBA9C9A5381EA11F3DD_element_333")>, <selenium.webdriver.remote.webelement.WebElement (session="dd2a5975eab38e9898c0feca919b89ea", element="F7A8D4398AE19FBA9C9A5381EA11F3DD_element_334")>] 3
[<selenium.webdriver.remote.webelement.WebElement (session="dd2a5975eab38e9898c0feca919b89ea", element="6886A7E85E7F937E458755A37924B889_element_374")>, <selenium.webdriver.remote.webelement.WebElement (session="dd2a5975eab38e9898c0feca919b89ea", element="6886A7E85E7F937E458755A37924B889_element_375")>, <selenium.webdriver.remote.webelement.WebElement (session="dd2a5975eab38e9898c0feca919b89ea", element="6886A7E85E7F937E458755A37924B889_element_376")>] 3
[<selenium.webdriver.remote.webelement.WebElement (session="dd2a5975eab38e9898c0feca919b89ea", element="670DDADB27ACF622C712C26AEED466AA_element_416")>, <selenium.webdriver.remote.webelement.WebElement (session="dd2a5975eab38e9898c0feca919b89ea", element="670DDADB27ACF622C712C26AEED466AA_element_417")>, <selenium.webdriver.remote.webelement.WebElement (session="dd2a5975eab38e9898c0feca919b89ea", element="670DDADB27ACF622C712C26AEED466AA_element_418")>] 3
Alert found: Extraterrestrial Server Error
Attempt: 1 failed with error!
Alert found: Internal Server Error
Attempt: 2 failed with error!
[<selenium.webdriver.remote.webelement.WebElement (session="dd2a5975eab38e9898c0feca919b89ea", element="8FF3A08D3A938B88579E5875B3208242_element_463")>, <selenium.webdriver.remote.webelement.WebElement (session="dd2a5975eab38e9898c0feca919b89ea", element="8FF3A08D3A938B88579E5875B3208242_element_464")>, <selenium.webdriver.remote.webelement.WebElement (session="dd2a5975eab38e9898c0feca919b89ea", element="8FF3A08D3A938B88579E5875B3208242_element_460")>] 3
[<selenium.webdriver.remote.webelement.WebElement (session="dd2a5975eab38e9898c0feca919b89ea", element="7C401AE794C9B8FDF347CF41FDA6D32E_element_504")>, <selenium.webdriver.remote.webelement.WebElement (session="dd2a5975eab38e9898c0feca919b89ea", element="7C401AE794C9B8FDF347CF41FDA6D32E_element_505")>, <selenium.webdriver.remote.webelement.WebElement (session="dd2a5975eab38e9898c0feca919b89ea", element="7C401AE794C9B8FDF347CF41FDA6D32E_element_506")>] 3
[<selenium.webdriver.remote.webelement.WebElement (session="dd2a5975eab38e9898c0feca919b89ea", element="336EBC1D549D33A8C096854DB9D6CDC5_element_546")>, <selenium.webdriver.remote.webelement.WebElement (session="dd2a5975eab38e9898c0feca919b89ea", element="336EBC1D549D33A8C096854DB9D6CDC5_element_547")>, <selenium.webdriver.remote.webelement.WebElement (session="dd2a5975eab38e9898c0feca919b89ea", element="336EBC1D549D33A8C096854DB9D6CDC5_element_548")>] 3
[<selenium.webdriver.remote.webelement.WebElement (session="dd2a5975eab38e9898c0feca919b89ea", element="A60EDDF13FAF77FFE7983AFA5E67ED70_element_585")>, <selenium.webdriver.remote.webelement.WebElement (session="dd2a5975eab38e9898c0feca919b89ea", element="A60EDDF13FAF77FFE7983AFA5E67ED70_element_586")>, <selenium.webdriver.remote.webelement.WebElement (session="dd2a5975eab38e9898c0feca919b89ea", element="A60EDDF13FAF77FFE7983AFA5E67ED70_element_587")>] 3
Alert found: Internal Server Error
Attempt: 1 failed with error!
[<selenium.webdriver.remote.webelement.WebElement (session="dd2a5975eab38e9898c0feca919b89ea", element="9F869798E8094BE7BAEEFA3EA18E5511_element_629")>, <selenium.webdriver.remote.webelement.WebElement (session="dd2a5975eab38e9898c0feca919b89ea", element="9F869798E8094BE7BAEEFA3EA18E5511_element_630")>, <selenium.webdriver.remote.webelement.WebElement (session="dd2a5975eab38e9898c0feca919b89ea", element="9F869798E8094BE7BAEEFA3EA18E5511_element_626")>] 3
[<selenium.webdriver.remote.webelement.WebElement (session="dd2a5975eab38e9898c0feca919b89ea", element="96445642CB5E8345A7D70E27470CF62E_element_669")>, <selenium.webdriver.remote.webelement.WebElement (session="dd2a5975eab38e9898c0feca919b89ea", element="96445642CB5E8345A7D70E27470CF62E_element_670")>, <selenium.webdriver.remote.webelement.WebElement (session="dd2a5975eab38e9898c0feca919b89ea", element="96445642CB5E8345A7D70E27470CF62E_element_671")>] 3
Alert found: Internal Server Error
Attempt: 1 failed with error!
[<selenium.webdriver.remote.webelement.WebElement (session="dd2a5975eab38e9898c0feca919b89ea", element="3C9B3B29F59BB31EA9B62CD915889254_element_716")>, <selenium.webdriver.remote.webelement.WebElement (session="dd2a5975eab38e9898c0feca919b89ea", element="3C9B3B29F59BB31EA9B62CD915889254_element_717")>, <selenium.webdriver.remote.webelement.WebElement (session="dd2a5975eab38e9898c0feca919b89ea", element="3C9B3B29F59BB31EA9B62CD915889254_element_711")>] 3
[<selenium.webdriver.remote.webelement.WebElement (session="dd2a5975eab38e9898c0feca919b89ea", element="4A74A6D8C9AD7AA4BABB871172648E91_element_757")>, <selenium.webdriver.remote.webelement.WebElement (session="dd2a5975eab38e9898c0feca919b89ea", element="4A74A6D8C9AD7AA4BABB871172648E91_element_758")>, <selenium.webdriver.remote.webelement.WebElement (session="dd2a5975eab38e9898c0feca919b89ea", element="4A74A6D8C9AD7AA4BABB871172648E91_element_759")>] 3
[<selenium.webdriver.remote.webelement.WebElement (session="dd2a5975eab38e9898c0feca919b89ea", element="15792F0008507548AEC50A44F40E9104_element_798")>, <selenium.webdriver.remote.webelement.WebElement (session="dd2a5975eab38e9898c0feca919b89ea", element="15792F0008507548AEC50A44F40E9104_element_799")>, <selenium.webdriver.remote.webelement.WebElement (session="dd2a5975eab38e9898c0feca919b89ea", element="15792F0008507548AEC50A44F40E9104_element_800")>] 3
Alert found: My Dog Ate My Server Error
Attempt: 1 failed with error!
[<selenium.webdriver.remote.webelement.WebElement (session="dd2a5975eab38e9898c0feca919b89ea", element="910BCC8FE3E9D0041F12C3B004EF2D6E_element_843")>, <selenium.webdriver.remote.webelement.WebElement (session="dd2a5975eab38e9898c0feca919b89ea", element="910BCC8FE3E9D0041F12C3B004EF2D6E_element_844")>, <selenium.webdriver.remote.webelement.WebElement (session="dd2a5975eab38e9898c0feca919b89ea", element="910BCC8FE3E9D0041F12C3B004EF2D6E_element_840")>] 3
[96mrpa_order_robots_from_robotsparebin[0m status: PASS
================================================================================
Robocorp Log (html): c:\Users\varun\OneDrive\Desktop\Robo\output\log.html
